DEBUG:root:* Trying 10.1.128.30:443...
DEBUG:root:* TCP_NODELAY set
DEBUG:root:* Connected to saengine2.localdomain (10.1.128.30) port 443 (#0)
DEBUG:root:* ALPN, offering h2
DEBUG:root:* ALPN, offering http/1.1
DEBUG:root:* successfully set certificate verify locations:
DEBUG:root:* CAfile: ./ca2.pem
DEBUG:root:*   CApath: /etc/ssl/certs
DEBUG:root:* TLSv1.3 (OUT), TLS handshake, Client hello (1):
DEBUG:root:* TLSv1.3 (IN), TLS handshake, Server hello (2):
DEBUG:root:* TLSv1.2 (IN), TLS handshake, Certificate (11):
DEBUG:root:* TLSv1.2 (IN), TLS handshake, Server key exchange (12):
DEBUG:root:* TLSv1.2 (IN), TLS handshake, Server finished (14):
DEBUG:root:* TLSv1.2 (OUT), TLS handshake, Client key exchange (16):
DEBUG:root:* TLSv1.2 (OUT), TLS change cipher, Change cipher spec (1):
DEBUG:root:* TLSv1.2 (OUT), TLS handshake, Finished (20):
DEBUG:root:* TLSv1.2 (IN), TLS handshake, Finished (20):
DEBUG:root:* SSL connection using TLSv1.2 / ECDHE-RSA-AES256-GCM-SHA384
DEBUG:root:* ALPN, server accepted to use http/1.1
DEBUG:root:* Server certificate:
DEBUG:root:* subject: C=US; O=localdomain; CN=saengine2.localdomain
DEBUG:root:* start date: Dec  8 17:13:50 2022 GMT
DEBUG:root:* expire date: Jan 11 17:13:50 2024 GMT
DEBUG:root:* subjectAltName: host "saengine2.localdomain" matched cert's "saengine2.localdomain"
DEBUG:root:* issuer: C=US; O=localdomain; CN=saengine2.localdomain.27275
DEBUG:root:* SSL certificate verify ok.
DEBUG:root:< POST /ovirt-engine/sso/oauth/token HTTP/1.1
DEBUG:root:< Host: saengine2.localdomain
DEBUG:root:< User-Agent: PythonSDK/4.5.2
DEBUG:root:< Accept: application/json
DEBUG:root:< Content-Length: 85
DEBUG:root:< Content-Type: application/x-www-form-urlencoded
DEBUG:root:< grant_type=password&scope=ovirt-app-api&username=admin%40internal&password=121212qwQW
DEBUG:root:* upload completely sent off: 85 out of 85 bytes
DEBUG:root:* Mark bundle as not supporting multiuse
DEBUG:root:> HTTP/1.1 200 OK
DEBUG:root:> Date: Thu, 29 Dec 2022 14:11:32 GMT
DEBUG:root:> Server: Apache/2.4.37 (centos) OpenSSL/1.1.1k mod_wsgi/4.6.4 Python/3.6
DEBUG:root:> Set-Cookie: locale=en_US; path=/; secure; HttpOnly; Max-Age=2147483647; Expires=Tue, 16-Jan-2091 17:25:39 GMT
DEBUG:root:> X-XSS-PROTECTION: 1; MODE=BLOCK
DEBUG:root:> X-CONTENT-TYPE-OPTIONS: NOSNIFF
DEBUG:root:> X-FRAME-OPTIONS: SAMEORIGIN
DEBUG:root:> Content-Type: application/json
DEBUG:root:> Content-Length: 310
DEBUG:root:> Vary: Accept-Encoding
DEBUG:root:> 
DEBUG:root:> {"access_token":"nAVJeU5G_Q6RReyz1iwNTl_hCg68Zqr8_hr1N0qhf35aFQG6ivm7GFbMmnStlZD3JrlzLTML4VnRPdhrlH_Swg","scope":"ovirt-app-api ovirt-ext=token-info:authz-search ovirt-ext=token-info:public-authz-search ovirt-ext=token-info:validate ovirt-ext=token:password-access","exp":"1672927892000","token_type":"bearer"}
DEBUG:root:* Connection #0 to host saengine2.localdomain left intact
DEBUG:root:* Trying 10.1.128.30:443...
DEBUG:root:* TCP_NODELAY set
DEBUG:root:* Connected to saengine2.localdomain (10.1.128.30) port 443 (#0)
DEBUG:root:* ALPN, offering h2
DEBUG:root:* ALPN, offering http/1.1
DEBUG:root:* successfully set certificate verify locations:
DEBUG:root:* CAfile: ./ca2.pem
DEBUG:root:*   CApath: /etc/ssl/certs
DEBUG:root:* TLSv1.3 (OUT), TLS handshake, Client hello (1):
DEBUG:root:* TLSv1.3 (IN), TLS handshake, Server hello (2):
DEBUG:root:* TLSv1.2 (IN), TLS handshake, Certificate (11):
DEBUG:root:* TLSv1.2 (IN), TLS handshake, Server key exchange (12):
DEBUG:root:* TLSv1.2 (IN), TLS handshake, Server finished (14):
DEBUG:root:* TLSv1.2 (OUT), TLS handshake, Client key exchange (16):
DEBUG:root:* TLSv1.2 (OUT), TLS change cipher, Change cipher spec (1):
DEBUG:root:* TLSv1.2 (OUT), TLS handshake, Finished (20):
DEBUG:root:* TLSv1.2 (IN), TLS handshake, Finished (20):
DEBUG:root:* SSL connection using TLSv1.2 / ECDHE-RSA-AES256-GCM-SHA384
DEBUG:root:* ALPN, server accepted to use http/1.1
DEBUG:root:* Server certificate:
DEBUG:root:* subject: C=US; O=localdomain; CN=saengine2.localdomain
DEBUG:root:* start date: Dec  8 17:13:50 2022 GMT
DEBUG:root:* expire date: Jan 11 17:13:50 2024 GMT
DEBUG:root:* subjectAltName: host "saengine2.localdomain" matched cert's "saengine2.localdomain"
DEBUG:root:* issuer: C=US; O=localdomain; CN=saengine2.localdomain.27275
DEBUG:root:* SSL certificate verify ok.
DEBUG:root:< GET /ovirt-engine/api/hosts?search=status%3Dup HTTP/1.1
DEBUG:root:< Host: saengine2.localdomain
DEBUG:root:< User-Agent: PythonSDK/4.5.2
DEBUG:root:< Version: 4
DEBUG:root:< Content-Type: application/xml
DEBUG:root:< Accept: application/xml
DEBUG:root:< Authorization: Bearer nAVJeU5G_Q6RReyz1iwNTl_hCg68Zqr8_hr1N0qhf35aFQG6ivm7GFbMmnStlZD3JrlzLTML4VnRPdhrlH_Swg
DEBUG:root:* Mark bundle as not supporting multiuse
DEBUG:root:> HTTP/1.1 200 OK
DEBUG:root:> Date: Thu, 29 Dec 2022 14:11:32 GMT
DEBUG:root:> Server: Apache/2.4.37 (centos) OpenSSL/1.1.1k mod_wsgi/4.6.4 Python/3.6
DEBUG:root:> Content-Type: application/xml;charset=UTF-8
DEBUG:root:> Content-Length: 8606
DEBUG:root:> Correlation-Id: d9f12a07-b672-403d-9487-0aa2f6ee3349
DEBUG:root:> Vary: Accept-Encoding
DEBUG:root:> 
DEBUG:root:> <?xml version="1.0" encoding="UTF-8" standalone="yes"?>
DEBUG:root:> <hosts>
DEBUG:root:>     <host href="/ovirt-engine/api/hosts/a9b74e35-cdb6-4134-832c-676e1df60503" id="a9b74e35-cdb6-4134-832c-676e1df60503">
DEBUG:root:>         <actions>
DEBUG:root:>             <link href="/ovirt-engine/api/hosts/a9b74e35-cdb6-4134-832c-676e1df60503/install" rel="install"/>
DEBUG:root:>             <link href="/ovirt-engine/api/hosts/a9b74e35-cdb6-4134-832c-676e1df60503/activate" rel="activate"/>
DEBUG:root:>             <link href="/ovirt-engine/api/hosts/a9b74e35-cdb6-4134-832c-676e1df60503/upgrade" rel="upgrade"/>
DEBUG:root:>             <link href="/ovirt-engine/api/hosts/a9b74e35-cdb6-4134-832c-676e1df60503/deactivate" rel="deactivate"/>
DEBUG:root:>             <link href="/ovirt-engine/api/hosts/a9b74e35-cdb6-4134-832c-676e1df60503/setupnetworks" rel="setupnetworks"/>
DEBUG:root:>             <link href="/ovirt-engine/api/hosts/a9b74e35-cdb6-4134-832c-676e1df60503/approve" rel="approve"/>
DEBUG:root:>             <link href="/ovirt-engine/api/hosts/a9b74e35-cdb6-4134-832c-676e1df60503/commitnetconfig" rel="commitnetconfig"/>
DEBUG:root:>             <link href="/ovirt-engine/api/hosts/a9b74e35-cdb6-4134-832c-676e1df60503/enrollcertificate" rel="enrollcertificate"/>
DEBUG:root:>             <link href="/ovirt-engine/api/hosts/a9b74e35-cdb6-4134-832c-676e1df60503/fence" rel="fence"/>
DEBUG:root:>             <link href="/ovirt-engine/api/hosts/a9b74e35-cdb6-4134-832c-676e1df60503/forceselectspm" rel="forceselectspm"/>
DEBUG:root:>             <link href="/ovirt-engine/api/hosts/a9b74e35-cdb6-4134-832c-676e1df60503/iscsidiscover" rel="iscsidiscover"/>
DEBUG:root:>             <link href="/ovirt-engine/api/hosts/a9b74e35-cdb6-4134-832c-676e1df60503/discoveriscsi" rel="discoveriscsi"/>
DEBUG:root:>             <link href="/ovirt-engine/api/hosts/a9b74e35-cdb6-4134-832c-676e1df60503/iscsilogin" rel="iscsilogin"/>
DEBUG:root:>             <link href="/ovirt-engine/api/hosts/a9b74e35-cdb6-4134-832c-676e1df60503/unregisteredstoragedomainsdiscover" rel="unregisteredstoragedomainsdiscover"/>
DEBUG:root:>             <link href="/ovirt-engine/api/hosts/a9b74e35-cdb6-4134-832c-676e1df60503/upgradecheck" rel="upgradecheck"/>
DEBUG:root:>             <link href="/ovirt-engine/api/hosts/a9b74e35-cdb6-4134-832c-676e1df60503/syncallnetworks" rel="syncallnetworks"/>
DEBUG:root:>             <link href="/ovirt-engine/api/hosts/a9b74e35-cdb6-4134-832c-676e1df60503/copyhostnetworks" rel="copyhostnetworks"/>
DEBUG:root:>             <link href="/ovirt-engine/api/hosts/a9b74e35-cdb6-4134-832c-676e1df60503/refresh" rel="refresh"/>
DEBUG:root:>         </actions>
DEBUG:root:>         <name>node1</name>
DEBUG:root:>         <comment></comment>
DEBUG:root:>         <link href="/ovirt-engine/api/hosts/a9b74e35-cdb6-4134-832c-676e1df60503/fenceagents" rel="fenceagents"/>
DEBUG:root:>         <link href="/ovirt-engine/api/hosts/a9b74e35-cdb6-4134-832c-676e1df60503/devices" rel="devices"/>
DEBUG:root:>         <link href="/ovirt-engine/api/hosts/a9b74e35-cdb6-4134-832c-676e1df60503/hooks" rel="hooks"/>
DEBUG:root:>         <link href="/ovirt-engine/api/hosts/a9b74e35-cdb6-4134-832c-676e1df60503/nics" rel="nics"/>
DEBUG:root:>         <link href="/ovirt-engine/api/hosts/a9b74e35-cdb6-4134-832c-676e1df60503/numanodes" rel="numanodes"/>
DEBUG:root:>         <link href="/ovirt-engine/api/hosts/a9b74e35-cdb6-4134-832c-676e1df60503/storage" rel="storage"/>
DEBUG:root:>         <link href="/ovirt-engine/api/hosts/a9b74e35-cdb6-4134-832c-676e1df60503/networkattachments" rel="networkattachments"/>
DEBUG:root:>         <link href="/ovirt-engine/api/hosts/a9b74e35-cdb6-4134-832c-676e1df60503/storageconnectionextensions" rel="storageconnectionextensions"/>
DEBUG:root:>         <link href="/ovirt-engine/api/hosts/a9b74e35-cdb6-4134-832c-676e1df60503/unmanagednetworks" rel="unmanagednetworks"/>
DEBUG:root:>         <link href="/ovirt-engine/api/hosts/a9b74e35-cdb6-4134-832c-676e1df60503/externalnetworkproviderconfigurations" rel="externalnetworkproviderconfigurations"/>
DEBUG:root:>         <link href="/ovirt-engine/api/hosts/a9b74e35-cdb6-4134-832c-676e1df60503/katelloerrata" rel="katelloerrata"/>
DEBUG:root:>         <link href="/ovirt-engine/api/hosts/a9b74e35-cdb6-4134-832c-676e1df60503/permissions" rel="permissions"/>
DEBUG:root:>         <link href="/ovirt-engine/api/hosts/a9b74e35-cdb6-4134-832c-676e1df60503/tags" rel="tags"/>
DEBUG:root:>         <link href="/ovirt-engine/api/hosts/a9b74e35-cdb6-4134-832c-676e1df60503/affinitylabels" rel="affinitylabels"/>
DEBUG:root:>         <link href="/ovirt-engine/api/hosts/a9b74e35-cdb6-4134-832c-676e1df60503/statistics" rel="statistics"/>
DEBUG:root:>         <address>10.1.99.30</address>
DEBUG:root:>         <auto_numa_status>unknown</auto_numa_status>
DEBUG:root:>         <certificate>
DEBUG:root:>             <organization>localdomain</organization>
DEBUG:root:>             <subject>O=localdomain,CN=10.1.99.30</subject>
DEBUG:root:>         </certificate>
DEBUG:root:>         <cpu>
DEBUG:root:>             <name>Intel(R) Xeon(R) CPU E5-2640 0 @ 2.50GHz</name>
DEBUG:root:>             <speed>2500</speed>
DEBUG:root:>             <topology>
DEBUG:root:>                 <cores>1</cores>
DEBUG:root:>                 <sockets>4</sockets>
DEBUG:root:>                 <threads>1</threads>
DEBUG:root:>             </topology>
DEBUG:root:>             <type>Intel SandyBridge Family</type>
DEBUG:root:>         </cpu>
DEBUG:root:>         <device_passthrough>
DEBUG:root:>             <enabled>false</enabled>
DEBUG:root:>         </device_passthrough>
DEBUG:root:>         <external_status>ok</external_status>
DEBUG:root:>         <hardware_information>
DEBUG:root:>             <family>Red Hat Enterprise Linux</family>
DEBUG:root:>             <manufacturer>oVirt</manufacturer>
DEBUG:root:>             <product_name>oVirt Node</product_name>
DEBUG:root:>             <serial_number>4c4c4544-0035-3310-8038-cac04f505731</serial_number>
DEBUG:root:>             <supported_rng_sources>
DEBUG:root:>                 <supported_rng_source>hwrng</supported_rng_source>
DEBUG:root:>                 <supported_rng_source>random</supported_rng_source>
DEBUG:root:>             </supported_rng_sources>
DEBUG:root:>             <uuid>A8E74154-5B9E-40F6-9151-D9549FB979D7</uuid>
DEBUG:root:>             <version>7-7.1908.0.el7.centos</version>
DEBUG:root:>         </hardware_information>
DEBUG:root:>         <iscsi>
DEBUG:root:>             <initiator>iqn.1994-05.com.redhat:f99158071b25</initiator>
DEBUG:root:>         </iscsi>
DEBUG:root:>         <kdump_status>disabled</kdump_status>
DEBUG:root:>         <ksm>
DEBUG:root:>             <enabled>false</enabled>
DEBUG:root:>         </ksm>
DEBUG:root:>         <libvirt_version>
DEBUG:root:>             <build>0</build>
DEBUG:root:>             <full_version>libvirt-8.0.0-2.module_el8.6.0+1087+b42c8331</full_version>
DEBUG:root:>             <major>8</major>
DEBUG:root:>             <minor>0</minor>
DEBUG:root:>             <revision>0</revision>
DEBUG:root:>         </libvirt_version>
DEBUG:root:>         <max_scheduling_memory>15791554560</max_scheduling_memory>
DEBUG:root:>         <memory>16196304896</memory>
DEBUG:root:>         <numa_supported>false</numa_supported>
DEBUG:root:>         <os>
DEBUG:root:>             <custom_kernel_cmdline></custom_kernel_cmdline>
DEBUG:root:>             <reported_kernel_cmdline>BOOT_IMAGE=(hd0,msdos1)//ovirt-node-ng-4.4.10.2-0.20220303.0+1/vmlinuz-4.18.0-365.el8.x86_64 crashkernel=auto resume=/dev/mapper/hn-swap rd.lvm.lv=hn/ovirt-node-ng-4.4.10.2-0.20220303.0+1 rd.lvm.lv=hn/swap rhgb quiet root=/dev/hn/ovirt-node-ng-4.4.10.2-0.20220303.0+1 boot=UUID=8cbd54b0-b341-4a87-82ef-74d1e8a8dc66 rootflags=discard img.bootid=ovirt-node-ng-4.4.10.2-0.20220303.0+1</reported_kernel_cmdline>
DEBUG:root:>             <type>RHEL</type>
DEBUG:root:>             <version>
DEBUG:root:>                 <build>2109</build>
DEBUG:root:>                 <full_version>8.6.2109.0 - 1.el8</full_version>
DEBUG:root:>                 <major>8</major>
DEBUG:root:>                 <minor>6</minor>
DEBUG:root:>             </version>
DEBUG:root:>         </os>
DEBUG:root:>         <port>54321</port>
DEBUG:root:>         <power_management>
DEBUG:root:>             <automatic_pm_enabled>true</automatic_pm_enabled>
DEBUG:root:>             <enabled>false</enabled>
DEBUG:root:>             <kdump_detection>true</kdump_detection>
DEBUG:root:>             <pm_proxies/>
DEBUG:root:>         </power_management>
DEBUG:root:>         <protocol>stomp</protocol>
DEBUG:root:>         <reinstallation_required>false</reinstallation_required>
DEBUG:root:>         <se_linux>
DEBUG:root:>             <mode>enforcing</mode>
DEBUG:root:>         </se_linux>
DEBUG:root:>         <spm>
DEBUG:root:>             <priority>5</priority>
DEBUG:root:>             <status>spm</status>
DEBUG:root:>         </spm>
DEBUG:root:>         <ssh>
DEBUG:root:>             <fingerprint>SHA256:XxEZYhCnL9m/BqjyPtLGGxzmd6WnfJbXd23R8gsT1Iw</fingerprint>
DEBUG:root:>             <port>22</port>
DEBUG:root:>             <public_key>ecdsa-sha2-nistp256 AAAAE2VjZHNhLXNoYTItbmlzdHAyNTYAAAAIbmlzdHAyNTYAAABBBCYCsOJ1YrO31sbxKr+MvzB6Xnz9Hw2FcusKkobnTt966jobDvZ7Q6uCuAc62ECOcWjSnoT4VY2hGozIKYnSObk=</public_key>
DEBUG:root:>         </ssh>
DEBUG:root:>         <status>up</status>
DEBUG:root:>         <summary>
DEBUG:root:>             <active>0</active>
DEBUG:root:> <migrating>0</migrating>
DEBUG:root:>             <total>0</total>
DEBUG:root:>         </summary>
DEBUG:root:>         <transparent_hugepages>
DEBUG:root:>             <enabled>true</enabled>
DEBUG:root:>         </transparent_hugepages>
DEBUG:root:>         <type>rhel</type>
DEBUG:root:>         <update_available>true</update_available>
DEBUG:root:>         <v
DEBUG:root:> ersion>
DEBUG:root:>             <build>100</build>
DEBUG:root:>             <full_version>vdsm-4.40.100.2-1.el8</full_version>
DEBUG:root:>             <major>4</major>
DEBUG:root:>             <minor>40</minor>
DEBUG:root:>             <revision>2</revision>
DEBUG:root:>         </version>
DEBUG:root:>         <vgpu_placement>consolidated</vgpu_placement>
DEBUG:root:>         <cluster href="/ovirt-engine/api/clusters/eab26750-77e4-11ed-beca-000c292d2120" id="eab26750-77e4-11ed-beca-000c292d2120"/>
DEBUG:root:>     </host>
DEBUG:root:> </hosts>
DEBUG:root:* Connection #0 to host saengine2.localdomain left intact
DEBUG:root:* Found bundle for host saengine2.localdomain: 0x26f5100 [serially]
DEBUG:root:* Re-using existing connection! (#0) with host saengine2.localdomain
DEBUG:root:* Connected to saengine2.localdomain (10.1.128.30) port 443 (#0)
DEBUG:root:< GET /ovirt-engine/api/hosts/a9b74e35-cdb6-4134-832c-676e1df60503/storage HTTP/1.1
DEBUG:root:< Host: saengine2.localdomain
DEBUG:root:< User-Agent: PythonSDK/4.5.2
DEBUG:root:< Version: 4
DEBUG:root:< Content-Type: application/xml
DEBUG:root:< Accept: application/xml
DEBUG:root:< Authorization: Bearer nAVJeU5G_Q6RReyz1iwNTl_hCg68Zqr8_hr1N0qhf35aFQG6ivm7GFbMmnStlZD3JrlzLTML4VnRPdhrlH_Swg
DEBUG:root:* Mark bundle as not supporting multiuse
DEBUG:root:> HTTP/1.1 200 OK
DEBUG:root:> Date: Thu, 29 Dec 2022 14:11:35 GMT
DEBUG:root:> Server: Apache/2.4.37 (centos) OpenSSL/1.1.1k mod_wsgi/4.6.4 Python/3.6
DEBUG:root:> Content-Type: application/xml;charset=UTF-8
DEBUG:root:> Content-Length: 73
DEBUG:root:> Correlation-Id: 79202ca8-f748-4418-8658-4c0bfcb4acbd
DEBUG:root:> Vary: Accept-Encoding
DEBUG:root:> 
DEBUG:root:> <?xml version="1.0" encoding="UTF-8" standalone="yes"?>
DEBUG:root:> <host_storages/>
DEBUG:root:* Connection #0 to host saengine2.localdomain left intact
DEBUG:root:* Found bundle for host saengine2.localdomain: 0x26f5100 [serially]
DEBUG:root:* Re-using existing connection! (#0) with host saengine2.localdomain
DEBUG:root:* Connected to saengine2.localdomain (10.1.128.30) port 443 (#0)
DEBUG:root:< GET /ovirt-engine/api/disks HTTP/1.1
DEBUG:root:< Host: saengine2.localdomain
DEBUG:root:< User-Agent: PythonSDK/4.5.2
DEBUG:root:< Version: 4
DEBUG:root:< Content-Type: application/xml
DEBUG:root:< Accept: application/xml
DEBUG:root:< Authorization: Bearer nAVJeU5G_Q6RReyz1iwNTl_hCg68Zqr8_hr1N0qhf35aFQG6ivm7GFbMmnStlZD3JrlzLTML4VnRPdhrlH_Swg
DEBUG:root:* Mark bundle as not supporting multiuse
DEBUG:root:> HTTP/1.1 200 OK
DEBUG:root:> Date: Thu, 29 Dec 2022 14:11:35 GMT
DEBUG:root:> Server: Apache/2.4.37 (centos) OpenSSL/1.1.1k mod_wsgi/4.6.4 Python/3.6
DEBUG:root:> Content-Type: application/xml;charset=UTF-8
DEBUG:root:> Content-Length: 10880
DEBUG:root:> Correlation-Id: 5fb31695-378e-44ce-873b-32c201c68ea8
DEBUG:root:> Vary: Accept-Encoding
DEBUG:root:> 
DEBUG:root:> <?xml version="1.0" encoding="UTF-8" standalone="yes"?>
DEBUG:root:> <disks>
DEBUG:root:>     <disk href="/ovirt-engine/api/disks/1a0f9434-03c5-442c-a92f-42551abc595d" id="1a0f9434-03c5-442c-a92f-42551abc595d">
DEBUG:root:>         <actions>
DEBUG:root:>             <link href="/ovirt-engine/api/disks/1a0f9434-03c5-442c-a92f-42551abc595d/reduce" rel="reduce"/>
DEBUG:root:>             <link href="/ovirt-engine/api/disks/1a0f9434-03c5-442c-a92f-42551abc595d/copy" rel="copy"/>
DEBUG:root:>             <link href="/ovirt-engine/api/disks/1a0f9434-03c5-442c-a92f-42551abc595d/export" rel="export"/>
DEBUG:root:>             <link href="/ovirt-engine/api/disks/1a0f9434-03c5-442c-a92f-42551abc595d/move" rel="move"/>
DEBUG:root:>             <link href="/ovirt-engine/api/disks/1a0f9434-03c5-442c-a92f-42551abc595d/sparsify" rel="sparsify"/>
DEBUG:root:>             <link href="/ovirt-engine/api/disks/1a0f9434-03c5-442c-a92f-42551abc595d/refreshlun" rel="refreshlun"/>
DEBUG:root:>         </actions>
DEBUG:root:>         <name>OVF_STORE</name>
DEBUG:root:>         <description>OVF_STORE</description>
DEBUG:root:>         <link href="/ovirt-engine/api/disks/1a0f9434-03c5-442c-a92f-42551abc595d/disksnapshots" rel="disksnapshots"/>
DEBUG:root:>         <link href="/ovirt-engine/api/disks/1a0f9434-03c5-442c-a92f-42551abc595d/permissions" rel="permissions"/>
DEBUG:root:>         <link href="/ovirt-engine/api/disks/1a0f9434-03c5-442c-a92f-42551abc595d/statistics" rel="statistics"/>
DEBUG:root:>         <actual_size>24576</actual_size>
DEBUG:root:>         <alias>OVF_STORE</alias>
DEBUG:root:>         <backup>none</backup>
DEBUG:root:>         <content_type>ovf_store</content_type>
DEBUG:root:>         <format>raw</format>
DEBUG:root:>         <image_id>ba435bc1-25c4-43eb-88a5-2fc9eee5ad4e</image_id>
DEBUG:root:>         <propagate_errors>false</propagate_errors>
DEBUG:root:>         <provisioned_size>62976</provisioned_size>
DEBUG:root:>         <shareable>true</shareable>
DEBUG:root:>         <sparse>true</sparse>
DEBUG:root:>         <status>ok</status>
DEBUG:root:>         <storage_type>image</storage_type>
DEBUG:root:>         <wipe_after_delete>false</wipe_after_delete>
DEBUG:root:>         <disk_profile href="/ovirt-engine/api/diskprofiles/e634f8f0-7993-4dc8-825e-89f4a3e6a41e" id="e634f8f0-7993-4dc8-825e-89f4a3e6a41e"/>
DEBUG:root:>         <storage_domains>
DEBUG:root:>             <storage_domain href="/ovirt-engine/api/storagedomains/8ad7b016-f29f-49dc-8744-2fd2132ef1cd" id="8ad7b016-f29f-49dc-8744-2fd2132ef1cd"/>
DEBUG:root:>         </storage_domains>
DEBUG:root:>     </disk>
DEBUG:root:>     <disk href="/ovirt-engine/api/disks/9a1301ad-7dce-4ae7-a50e-50f987fbfefa" id="9a1301ad-7dce-4ae7-a50e-50f987fbfefa">
DEBUG:root:>         <actions>
DEBUG:root:>             <link href="/ovirt-engine/api/disks/9a1301ad-7dce-4ae7-a50e-50f987fbfefa/reduce" rel="reduce"/>
DEBUG:root:>             <link href="/ovirt-engine/api/disks/9a1301ad-7dce-4ae7-a50e-50f987fbfefa/copy" rel="copy"/>
DEBUG:root:>             <link href="/ovirt-engine/api/disks/9a1301ad-7dce-4ae7-a50e-50f987fbfefa/export" rel="export"/>
DEBUG:root:>             <link href="/ovirt-engine/api/disks/9a1301ad-7dce-4ae7-a50e-50f987fbfefa/move" rel="move"/>
DEBUG:root:>             <link href="/ovirt-engine/api/disks/9a1301ad-7dce-4ae7-a50e-50f987fbfefa/sparsify" rel="sparsify"/>
DEBUG:root:>             <link href="/ovirt-engine/api/disks/9a1301ad-7dce-4ae7-a50e-50f987fbfefa/refreshlun" rel="refreshlun"/>
DEBUG:root:>         </actions>
DEBUG:root:>         <name>OVF_STORE</name>
DEBUG:root:>         <description>OVF_STORE</description>
DEBUG:root:>         <link href="/ovirt-engine/api/disks/9a1301ad-7dce-4ae7-a50e-50f987fbfefa/disksnapshots" rel="disksnapshots"/>
DEBUG:root:>         <link href="/ovirt-engine/api/disks/9a1301ad-7dce-4ae7-a50e-50f987fbfefa/permissions" rel="permissions"/>
DEBUG:root:>         <link href="/ovirt-engine/api/disks/9a1301ad-7dce-4ae7-a50e-50f987fbfefa/statistics" rel="statistics"/>
DEBUG:root:>         <actual_size>24576</actual_size>
DEBUG:root:>         <alias>OVF_STORE</alias>
DEBUG:root:>         <backup>none</backup>
DEBUG:root:>         <content_type>ovf_store</content_type>
DEBUG:root:>         <format>raw</format>
DEBUG:root:>         <image_id>6d7ec976-d864-4fe8-8882-3a7473a0d6fe</image_id>
DEBUG:root:>         <propagate_errors>false</propagate_errors>
DEBUG:root:>         <provisioned_size>62976</provisioned_size>
DEBUG:root:>         <shareable>true</shareable>
DEBUG:root:>         <sparse>true</sparse>
DEBUG:root:>         <status>ok</status>
DEBUG:root:>         <storage_type>image</storage_type>
DEBUG:root:>         <wipe_after_delete>false</wipe_after_delete>
DEBUG:root:>         <disk_profile href="/ovirt-engine/api/diskprofiles/e634f8f0-7993-4dc8-825e-89f4a3e6a41e" id="e634f8f0-7993-4dc8-825e-89f4a3e6a41e"/>
DEBUG:root:>         <storage_domains>
DEBUG:root:>             <storage_domain href="/ovirt-engine/api/storagedomains/8ad7b016-f29f-49dc-8744-2fd2132ef1cd" id="8ad7b016-f29f-49dc-8744-2fd2132ef1cd"/>
DEBUG:root:>         </storage_domains>
DEBUG:root:>     </disk>
DEBUG:root:>     <disk href="/ovirt-engine/api/disks/b76e2eff-7863-459b-8e80-85acd4e79c02" id="b76e2eff-7863-459b-8e80-85acd4e79c02">
DEBUG:root:>         <actions>
DEBUG:root:>             <link href="/ovirt-engine/api/disks/b76e2eff-7863-459b-8e80-85acd4e79c02/reduce" rel="reduce"/>
DEBUG:root:>             <link href="/ovirt-engine/api/disks/b76e2eff-7863-459b-8e80-85acd4e79c02/copy" rel="copy"/>
DEBUG:root:>             <link href="/ovirt-engine/api/disks/b76e2eff-7863-459b-8e80-85acd4e79c02/export" rel="export"/>
DEBUG:root:>             <link href="/ovirt-engine/api/disks/b76e2eff-7863-459b-8e80-85acd4e79c02/move" rel="move"/>
DEBUG:root:>             <link href="/ovirt-engine/api/disks/b76e2eff-7863-459b-8e80-85acd4e79c02/sparsify" rel="sparsify"/>
DEBUG:root:>             <link href="/ovirt-engine/api/disks/b76e2eff-7863-459b-8e80-85acd4e79c02/refreshlun" rel="refreshlun"/>
DEBUG:root:>         </actions>
DEBUG:root:>         <name>testvm_Disk1_testvm-2_testvm-3</name>
DEBUG:root:>         <description>testvmdisk</description>
DEBUG:root:>         <link href="/ovirt-engine/api/disks/b76e2eff-7863-459b-8e80-85acd4e79c02/disksnapshots" rel="disksnapshots"/>
DEBUG:root:>         <link href="/ovirt-engine/api/disks/b76e2eff-7863-459b-8e80-85acd4e79c02/permissions" rel="permissions"/>
DEBUG:root:>         <link href="/ovirt-engine/api/disks/b76e2eff-7863-459b-8e80-85acd4e79c02/statistics" rel="statistics"/>
DEBUG:root:>         <actual_size>4096</actual_size>
DEBUG:root:>         <alias>testvm_Disk1_testvm-2_testvm-3</alias>
DEBUG:root:>         <backup>none</backup>
DEBUG:root:>         <content_type>data</content_type>
DEBUG:root:>         <format>raw</format>
DEBUG:root:>         <image_id>bf810733-1eac-4635-bf48-dca7ab4b0574</image_id>
DEBUG:root:>         <propagate_errors>false</propagate_errors>
DEBUG:root:>         <provisioned_size>10737418240</provisioned_size>
DEBUG:root:>         <shareable>false</shareable>
DEBUG:root:>         <sparse>true</sparse>
DEBUG:root:>         <status>ok</status>
DEBUG:root:>         <storage_type>image</storage_type>
DEBUG:root:>         <total_size>4096</total_size>
DEBUG:root:>         <wipe_after_delete>false</wipe_after_delete>
DEBUG:root:>         <disk_profile href="/ovirt-engine/api/diskprofiles/e634f8f0-7993-4dc8-825e-89f4a3e6a41e" id="e634f8f0-7993-4dc8-825e-89f4a3e6a41e"/>
DEBUG:root:>         <storage_domains>
DEBUG:root:>             <storage_domain href="/ovirt-engine/api/storagedomains/8ad7b016-f29f-49dc-8744-2fd2132ef1cd" id="8ad7b016-f29f-49dc-8744-2fd2132ef1cd"/>
DEBUG:root:>         </storage_domains>
DEBUG:root:>     </disk>
DEBUG:root:>     <disk href="/ovirt-engine/api/disks/f66d1182-84a3-4818-bfc2-0f0b7d2d21eb" id="f66d1182-84a3-4818-bfc2-0f0b7d2d21eb">
DEBUG:root:>         <actions>
DEBUG:root:>             <link href="/ovirt-engine/api/disks/f66d1182-84a3-4818-bfc2-0f0b7d2d21eb/reduce" rel="reduce"/>
DEBUG:root:>             <link href="/ovirt-engine/api/disks/f66d1182-84a3-4818-bfc2-0f0b7d2d21eb/copy" rel="copy"/>
DEBUG:root:>             <link href="/ovirt-engine/api/disks/f66d1182-84a3-4818-bfc2-0f0b7d2d21eb/export" rel="export"/>
DEBUG:root:>             <link href="/ovirt-engine/api/disks/f66d1182-84a3-4818-bfc2-0f0b7d2d21eb/move" rel="move"/>
DEBUG:root:>             <link href="/ovirt-engine/api/disks/f66d1182-84a3-4818-bfc2-0f0b7d2d21eb/sparsify" rel="sparsify"/>
DEBUG:root:>             <link href="/ovirt-engine/api/disks/f66d1182-84a3-4818-bfc2-0f0b7d2d21eb/refreshlun" rel="refreshlun"/>
DEBUG:root:>         </actions>
DEBUG:root:>         <name>testvm_Disk1_testvm-2</name>
DEBUG:root:>         <description>testvmdisk</description>
DEBUG:root:>         <link href="/ovirt-engine/api/disks/f66d1182-84a3-4818-bfc2-0f0b7d2d21eb/disksnapshots" rel="disksnapshots"/>
DEBUG:root:>         <link href="/ovirt-engine/api/disks/f66d1182-84a3-4818-bfc2-0f0b7d2d21eb/permissions" rel="permissions"/>
DEBUG:root:>         <link href="/ovirt-engine/api/disks/f66d1182-84a3-4818-bfc2-0f0b7d2d21eb/statistics" rel="statistics"/>
DEBUG:root:>         <actual_size>4096</actual_size>
DEBUG:root:>         <alias>testvm_Disk1_testvm-2</alias>
DEBUG:root:>         <backup>none</backup>
DEBUG:root:>         <content_type>data</content_type>
DEBUG:root:> <format>raw</format>
DEBUG:root:>         <image_id>141a380c-2389-47d5-bd4e-1b186c94ead9</image_id>
DEBUG:root:>         <propagate_errors>false</propagate_errors>
DEBUG:root:>         <provisioned_size>10737418240</provisioned_size>
DEBUG:root:>         <shareable>false</shareable>
DEBUG:root:>         <sparse>true</sparse>
DEBUG:root:> <status>ok</status>
DEBUG:root:>         <storage_type>image</storage_type>
DEBUG:root:>         <total_size>4096</total_size>
DEBUG:root:>         <wipe_after_delete>false</wipe_after_delete>
DEBUG:root:>         <disk_profile href="/ovirt-engine/api/diskprofiles/e634f8f0-7993-4dc8-825e-89f4a3e6a41e" id="e634f8f0-7993-4dc8-825e-89f4a3e6a41e"/>
DEBUG:root:>         <storage_domains>
DEBUG:root:>             <storage_domain href="/ovirt-engine/api/storagedomains/8ad7b016-f29f-49dc-8744-2fd2132ef1cd" id="8ad7b016-f29f-49dc-8744-2fd2132ef1cd"/>
DEBUG:root:>         </storage_domains>
DEBUG:root:>     </disk>
DEBUG:root:>     <disk href="/ovirt-engine/api/disks/0dcd81a4-4258-4943-a476-0d266d949b69" id="0dcd81a4-4258-4943-a476-0d266d949b69">
DEBUG:root:>         <actions>
DEBUG:root:>             <link href="/ovirt-engine/api/disks/0dcd81a4-4258-4943-a476-0d266d949b69/reduce" rel="reduce"/>
DEBUG:root:>             <link href="/ovirt-engine/api/disks/0dcd81a4-4258-4943-a476-0d266d949b69/copy" rel="copy"/>
DEBUG:root:>             <link href="/ovirt-engine/api/disks/0dcd81a4-4258-4943-a476-0d266d949b69/export" rel="export"/>
DEBUG:root:>             <link href="/ovirt-engine/api/disks/0dcd81a4-4258-4943-a476-0d266d949b69/move" rel="move"/>
DEBUG:root:>             <link href="/ovirt-engine/api/disks/0dcd81a4-4258-4943-a476-0d266d949b69/sparsify" rel="sparsify"/>
DEBUG:root:>             <link href="/ovirt-engine/api/disks/0dcd81a4-4258-4943-a476-0d266d949b69/refreshlun" rel="refreshlun"/>
DEBUG:root:>         </actions>
DEBUG:root:>         <name>testvm_Disk1</name>
DEBUG:root:>         <description>testvmdisk</description>
DEBUG:root:>         <link href="/ovirt-engine/api/disks/0dcd81a4-4258-4943-a476-0d266d949b69/disksnapshots" rel="disksnapshots"/>
DEBUG:root:>         <link href="/ovirt-engine/api/disks/0dcd81a4-4258-4943-a476-0d266d949b69/permissions" rel="permissions"/>
DEBUG:root:>         <link href="/ovirt-engine/api/disks/0dcd81a4-4258-4943-a476-0d266d949b69/statistics" rel="statistics"/>
DEBUG:root:>         <actual_size>4096</actual_size>
DEBUG:root:>         <alias>testvm_Disk1</alias>
DEBUG:root:>         <backup>none</backup>
DEBUG:root:>         <content_type>data</content_type>
DEBUG:root:>         <format>raw</format>
DEBUG:root:>         <image_id>ac77c685-e9b9-4255-a7da-f66f2872359f</image_id>
DEBUG:root:>         <propagate_errors>false</propagate_errors>
DEBUG:root:>         <provisioned_size>10737418240</provisioned_size>
DEBUG:root:>         <shareable>false</shareable>
DEBUG:root:>         <sparse>true</sparse>
DEBUG:root:>         <status>ok</status>
DEBUG:root:>         <storage_type>image</storage_type>
DEBUG:root:>         <total_size>4096</total_size>
DEBUG:root:>         <wipe_after_delete>false</wipe_after_delete>
DEBUG:root:>         <disk_profile href="/ovirt-engine/api/diskprofiles/e634f8f0-7993-4dc8-825e-89f4a3e6a41e" id="e634f8f0-7993-4dc8-825e-89f4a3e6a41e"/>
DEBUG:root:>         <storage_domains>
DEBUG:root:>             <storage_domain href="/ovirt-engine/api/storagedomains/8ad7b016-f29f-49dc-8744-2fd2132ef1cd" id="8ad7b016-f29f-49dc-8744-2fd2132ef1cd"/>
DEBUG:root:>         </storage_domains>
DEBUG:root:>     </disk>
DEBUG:root:> </disks>
DEBUG:root:* Connection #0 to host saengine2.localdomain left intact
DEBUG:root:* Found bundle for host saengine2.localdomain: 0x26f5100 [serially]
DEBUG:root:* Re-using existing connection! (#0) with host saengine2.localdomain
DEBUG:root:* Connected to saengine2.localdomain (10.1.128.30) port 443 (#0)
DEBUG:root:< GET /ovirt-engine/api/affinitylabels HTTP/1.1
DEBUG:root:< Host: saengine2.localdomain
DEBUG:root:< User-Agent: PythonSDK/4.5.2
DEBUG:root:< Version: 4
DEBUG:root:< Content-Type: application/xml
DEBUG:root:< Accept: application/xml
DEBUG:root:< Authorization: Bearer nAVJeU5G_Q6RReyz1iwNTl_hCg68Zqr8_hr1N0qhf35aFQG6ivm7GFbMmnStlZD3JrlzLTML4VnRPdhrlH_Swg
DEBUG:root:* Mark bundle as not supporting multiuse
DEBUG:root:> HTTP/1.1 200 OK
DEBUG:root:> Date: Thu, 29 Dec 2022 14:11:35 GMT
DEBUG:root:> Server: Apache/2.4.37 (centos) OpenSSL/1.1.1k mod_wsgi/4.6.4 Python/3.6
DEBUG:root:> Content-Type: application/xml;charset=UTF-8
DEBUG:root:> Content-Length: 75
DEBUG:root:> Correlation-Id: f5108484-204d-4728-b7de-2709f2a7ce41
DEBUG:root:> Vary: Accept-Encoding
DEBUG:root:> 
DEBUG:root:> <?xml version="1.0" encoding="UTF-8" standalone="yes"?>
DEBUG:root:> <affinity_labels/>
DEBUG:root:* Connection #0 to host saengine2.localdomain left intact
DEBUG:root:* Found bundle for host saengine2.localdomain: 0x26f5100 [serially]
DEBUG:root:* Re-using existing connection! (#0) with host saengine2.localdomain
DEBUG:root:* Connected to saengine2.localdomain (10.1.128.30) port 443 (#0)
DEBUG:root:< GET /ovirt-engine/api/domains HTTP/1.1
DEBUG:root:< Host: saengine2.localdomain
DEBUG:root:< User-Agent: PythonSDK/4.5.2
DEBUG:root:< Version: 4
DEBUG:root:< Content-Type: application/xml
DEBUG:root:< Accept: application/xml
DEBUG:root:< Authorization: Bearer nAVJeU5G_Q6RReyz1iwNTl_hCg68Zqr8_hr1N0qhf35aFQG6ivm7GFbMmnStlZD3JrlzLTML4VnRPdhrlH_Swg
DEBUG:root:* Mark bundle as not supporting multiuse
DEBUG:root:> HTTP/1.1 200 OK
DEBUG:root:> Date: Thu, 29 Dec 2022 14:11:35 GMT
DEBUG:root:> Server: Apache/2.4.37 (centos) OpenSSL/1.1.1k mod_wsgi/4.6.4 Python/3.6
DEBUG:root:> Content-Type: application/xml;charset=UTF-8
DEBUG:root:> Content-Length: 668
DEBUG:root:> Correlation-Id: 7f9729c4-d089-4fae-906d-9b00fba9e2db
DEBUG:root:> Vary: Accept-Encoding
DEBUG:root:> 
DEBUG:root:> <?xml version="1.0" encoding="UTF-8" standalone="yes"?>
DEBUG:root:> <domains>
DEBUG:root:>     <domain href="/ovirt-engine/api/domains/696E7465726E616C2D617574687A" id="696E7465726E616C2D617574687A">
DEBUG:root:>         <name>internal-authz</name>
DEBUG:root:>         <link href="/ovirt-engine/api/domains/696E7465726E616C2D617574687A/groups" rel="groups"/>
DEBUG:root:>         <link href="/ovirt-engine/api/domains/696E7465726E616C2D617574687A/users" rel="users"/>
DEBUG:root:>         <link href="/ovirt-engine/api/domains/696E7465726E616C2D617574687A/groups?search={query}" rel="groups/search"/>
DEBUG:root:>         <link href="/ovirt-engine/api/domains/696E7465726E616C2D617574687A/users?search={query}" rel="users/search"/>
DEBUG:root:>     </domain>
DEBUG:root:> </domains>
DEBUG:root:* Connection #0 to host saengine2.localdomain left intact
DEBUG:root:* Found bundle for host saengine2.localdomain: 0x26f5100 [serially]
DEBUG:root:* Re-using existing connection! (#0) with host saengine2.localdomain
DEBUG:root:* Connected to saengine2.localdomain (10.1.128.30) port 443 (#0)
DEBUG:root:< GET /ovirt-engine/api/vnicprofiles HTTP/1.1
DEBUG:root:< Host: saengine2.localdomain
DEBUG:root:< User-Agent: PythonSDK/4.5.2
DEBUG:root:< Version: 4
DEBUG:root:< Content-Type: application/xml
DEBUG:root:< Accept: application/xml
DEBUG:root:< Authorization: Bearer nAVJeU5G_Q6RReyz1iwNTl_hCg68Zqr8_hr1N0qhf35aFQG6ivm7GFbMmnStlZD3JrlzLTML4VnRPdhrlH_Swg
DEBUG:root:* Mark bundle as not supporting multiuse
DEBUG:root:> HTTP/1.1 200 OK
DEBUG:root:> Date: Thu, 29 Dec 2022 14:11:35 GMT
DEBUG:root:> Server: Apache/2.4.37 (centos) OpenSSL/1.1.1k mod_wsgi/4.6.4 Python/3.6
DEBUG:root:> Content-Type: application/xml;charset=UTF-8
DEBUG:root:> Content-Length: 802
DEBUG:root:> Correlation-Id: 5f8f1679-4e94-448c-94ac-8645f2c68ba8
DEBUG:root:> Vary: Accept-Encoding
DEBUG:root:> 
DEBUG:root:> <?xml version="1.0" encoding="UTF-8" standalone="yes"?>
DEBUG:root:> <vnic_profiles>
DEBUG:root:>     <vnic_profile href="/ovirt-engine/api/vnicprofiles/0000000a-000a-000a-000a-000000000398" id="0000000a-000a-000a-000a-000000000398">
DEBUG:root:>         <name>ovirtmgmt</name>
DEBUG:root:>         <link href="/ovirt-engine/api/vnicprofiles/0000000a-000a-000a-000a-000000000398/permissions" rel="permissions"/>
DEBUG:root:>         <pass_through>
DEBUG:root:>             <mode>disabled</mode>
DEBUG:root:>         </pass_through>
DEBUG:root:>         <port_mirroring>false</port_mirroring>
DEBUG:root:>         <network href="/ovirt-engine/api/networks/00000000-0000-0000-0000-000000000009" id="00000000-0000-0000-0000-000000000009"/>
DEBUG:root:>         <network_filter href="/ovirt-engine/api/networkfilters/d2370ab4-fee3-11e9-a310-8c1645ce738e" id="d2370ab4-fee3-11e9-a310-8c1645ce738e"/>
DEBUG:root:>     </vnic_profile>
DEBUG:root:> </vnic_profiles>
DEBUG:root:* Connection #0 to host saengine2.localdomain left intact
DEBUG:root:* Found bundle for host saengine2.localdomain: 0x26f5100 [serially]
DEBUG:root:* Re-using existing connection! (#0) with host saengine2.localdomain
DEBUG:root:* Connected to saengine2.localdomain (10.1.128.30) port 443 (#0)
DEBUG:root:< GET /ovirt-engine/api/networks HTTP/1.1
DEBUG:root:< Host: saengine2.localdomain
DEBUG:root:< User-Agent: PythonSDK/4.5.2
DEBUG:root:< Version: 4
DEBUG:root:< Content-Type: application/xml
DEBUG:root:< Accept: application/xml
DEBUG:root:< Authorization: Bearer nAVJeU5G_Q6RReyz1iwNTl_hCg68Zqr8_hr1N0qhf35aFQG6ivm7GFbMmnStlZD3JrlzLTML4VnRPdhrlH_Swg
DEBUG:root:* Mark bundle as not supporting multiuse
DEBUG:root:> HTTP/1.1 200 OK
DEBUG:root:> Date: Thu, 29 Dec 2022 14:11:35 GMT
DEBUG:root:> Server: Apache/2.4.37 (centos) OpenSSL/1.1.1k mod_wsgi/4.6.4 Python/3.6
DEBUG:root:> Content-Type: application/xml;charset=UTF-8
DEBUG:root:> Content-Length: 1029
DEBUG:root:> Correlation-Id: 29c07603-0c46-4196-99af-84d09d6f1993
DEBUG:root:> Vary: Accept-Encoding
DEBUG:root:> 
DEBUG:root:> <?xml version="1.0" encoding="UTF-8" standalone="yes"?>
DEBUG:root:> <networks>
DEBUG:root:>     <network href="/ovirt-engine/api/networks/00000000-0000-0000-0000-000000000009" id="00000000-0000-0000-0000-000000000009">
DEBUG:root:>         <name>ovirtmgmt</name>
DEBUG:root:>         <description>Management Network</description>
DEBUG:root:>         <comment></comment>
DEBUG:root:>         <link href="/ovirt-engine/api/networks/00000000-0000-0000-0000-000000000009/networklabels" rel="networklabels"/>
DEBUG:root:>         <link href="/ovirt-engine/api/networks/00000000-0000-0000-0000-000000000009/permissions" rel="permissions"/>
DEBUG:root:>         <link href="/ovirt-engine/api/networks/00000000-0000-0000-0000-000000000009/vnicprofiles" rel="vnicprofiles"/>
DEBUG:root:>         <mtu>0</mtu>
DEBUG:root:>         <port_isolation>false</port_isolation>
DEBUG:root:>         <stp>false</stp>
DEBUG:root:>         <usages>
DEBUG:root:>             <usage>vm</usage>
DEBUG:root:>         </usages>
DEBUG:root:>         <vdsm_name>ovirtmgmt</vdsm_name>
DEBUG:root:>         <data_center href="/ovirt-engine/api/datacenters/eaaf3ee0-77e4-11ed-8288-000c292d2120" id="eaaf3ee0-77e4-11ed-8288-000c292d2120"/>
DEBUG:root:>     </network>
DEBUG:root:> </networks>
DEBUG:root:* Connection #0 to host saengine2.localdomain left intact
DEBUG:root:* Found bundle for host saengine2.localdomain: 0x26f5100 [serially]
DEBUG:root:* Re-using existing connection! (#0) with host saengine2.localdomain
DEBUG:root:* Connected to saengine2.localdomain (10.1.128.30) port 443 (#0)
DEBUG:root:< GET /ovirt-engine/api/datacenters/eaaf3ee0-77e4-11ed-8288-000c292d2120 HTTP/1.1
DEBUG:root:< Host: saengine2.localdomain
DEBUG:root:< User-Agent: PythonSDK/4.5.2
DEBUG:root:< Version: 4
DEBUG:root:< Content-Type: application/xml
DEBUG:root:< Accept: application/xml
DEBUG:root:< Authorization: Bearer nAVJeU5G_Q6RReyz1iwNTl_hCg68Zqr8_hr1N0qhf35aFQG6ivm7GFbMmnStlZD3JrlzLTML4VnRPdhrlH_Swg
DEBUG:root:* Mark bundle as not supporting multiuse
DEBUG:root:> HTTP/1.1 200 OK
DEBUG:root:> Date: Thu, 29 Dec 2022 14:11:35 GMT
DEBUG:root:> Server: Apache/2.4.37 (centos) OpenSSL/1.1.1k mod_wsgi/4.6.4 Python/3.6
DEBUG:root:> Content-Type: application/xml;charset=UTF-8
DEBUG:root:> Content-Length: 1821
DEBUG:root:> Correlation-Id: a1dfe894-b43d-456b-bd92-d9efd1556b81
DEBUG:root:> Vary: Accept-Encoding
DEBUG:root:> 
DEBUG:root:> <?xml version="1.0" encoding="UTF-8" standalone="yes"?>
DEBUG:root:> <data_center href="/ovirt-engine/api/datacenters/eaaf3ee0-77e4-11ed-8288-000c292d2120" id="eaaf3ee0-77e4-11ed-8288-000c292d2120">
DEBUG:root:>     <actions>
DEBUG:root:>         <link href="/ovirt-engine/api/datacenters/eaaf3ee0-77e4-11ed-8288-000c292d2120/setmaster" rel="setmaster"/>
DEBUG:root:>         <link href="/ovirt-engine/api/datacenters/eaaf3ee0-77e4-11ed-8288-000c292d2120/cleanfinishedtasks" rel="cleanfinishedtasks"/>
DEBUG:root:>     </actions>
DEBUG:root:>     <name>Default</name>
DEBUG:root:>     <description>The default Data Center</description>
DEBUG:root:>     <link href="/ovirt-engine/api/datacenters/eaaf3ee0-77e4-11ed-8288-000c292d2120/networks" rel="networks"/>
DEBUG:root:>     <link href="/ovirt-engine/api/datacenters/eaaf3ee0-77e4-11ed-8288-000c292d2120/quotas" rel="quotas"/>
DEBUG:root:>     <link href="/ovirt-engine/api/datacenters/eaaf3ee0-77e4-11ed-8288-000c292d2120/qoss" rel="qoss"/>
DEBUG:root:>     <link href="/ovirt-engine/api/datacenters/eaaf3ee0-77e4-11ed-8288-000c292d2120/iscsibonds" rel="iscsibonds"/>
DEBUG:root:>     <link href="/ovirt-engine/api/datacenters/eaaf3ee0-77e4-11ed-8288-000c292d2120/storagedomains" rel="storagedomains"/>
DEBUG:root:>     <link href="/ovirt-engine/api/datacenters/eaaf3ee0-77e4-11ed-8288-000c292d2120/permissions" rel="permissions"/>
DEBUG:root:>     <link href="/ovirt-engine/api/datacenters/eaaf3ee0-77e4-11ed-8288-000c292d2120/clusters" rel="clusters"/>
DEBUG:root:>     <local>false</local>
DEBUG:root:>     <quota_mode>disabled</quota_mode>
DEBUG:root:>     <status>up</status>
DEBUG:root:>     <storage_format>v5</storage_format>
DEBUG:root:>     <supported_versions>
DEBUG:root:>         <version>
DEBUG:root:>             <major>4</major>
DEBUG:root:>             <minor>6</minor>
DEBUG:root:>         </version>
DEBUG:root:>     </supported_versions>
DEBUG:root:>     <version>
DEBUG:root:>         <major>4</major>
DEBUG:root:>         <minor>6</minor>
DEBUG:root:>     </version>
DEBUG:root:>     <mac_pool href="/ovirt-engine/api/macpools/58ca604b-017d-0374-0220-00000000014e" id="58ca604b-017d-0374-0220-00000000014e"/>
DEBUG:root:> </data_center>
DEBUG:root:* Connection #0 to host saengine2.localdomain left intact
DEBUG:root:* Found bundle for host saengine2.localdomain: 0x26f5100 [serially]
DEBUG:root:* Re-using existing connection! (#0) with host saengine2.localdomain
DEBUG:root:* Connected to saengine2.localdomain (10.1.128.30) port 443 (#0)
DEBUG:root:< GET /ovirt-engine/api/datacenters HTTP/1.1
DEBUG:root:< Host: saengine2.localdomain
DEBUG:root:< User-Agent: PythonSDK/4.5.2
DEBUG:root:< Version: 4
DEBUG:root:< Content-Type: application/xml
DEBUG:root:< Accept: application/xml
DEBUG:root:< Authorization: Bearer nAVJeU5G_Q6RReyz1iwNTl_hCg68Zqr8_hr1N0qhf35aFQG6ivm7GFbMmnStlZD3JrlzLTML4VnRPdhrlH_Swg
DEBUG:root:* Mark bundle as not supporting multiuse
DEBUG:root:> HTTP/1.1 200 OK
DEBUG:root:> Date: Thu, 29 Dec 2022 14:11:35 GMT
DEBUG:root:> Server: Apache/2.4.37 (centos) OpenSSL/1.1.1k mod_wsgi/4.6.4 Python/3.6
DEBUG:root:> Content-Type: application/xml;charset=UTF-8
DEBUG:root:> Content-Length: 1972
DEBUG:root:> Correlation-Id: 1064eef6-78b8-4009-87ea-be02e7d86ded
DEBUG:root:> Vary: Accept-Encoding
DEBUG:root:> 
DEBUG:root:> <?xml version="1.0" encoding="UTF-8" standalone="yes"?>
DEBUG:root:> <data_centers>
DEBUG:root:>     <data_center href="/ovirt-engine/api/datacenters/eaaf3ee0-77e4-11ed-8288-000c292d2120" id="eaaf3ee0-77e4-11ed-8288-000c292d2120">
DEBUG:root:>         <actions>
DEBUG:root:>             <link href="/ovirt-engine/api/datacenters/eaaf3ee0-77e4-11ed-8288-000c292d2120/setmaster" rel="setmaster"/>
DEBUG:root:>             <link href="/ovirt-engine/api/datacenters/eaaf3ee0-77e4-11ed-8288-000c292d2120/cleanfinishedtasks" rel="cleanfinishedtasks"/>
DEBUG:root:>         </actions>
DEBUG:root:>         <name>Default</name>
DEBUG:root:>         <description>The default Data Center</description>
DEBUG:root:>         <link href="/ovirt-engine/api/datacenters/eaaf3ee0-77e4-11ed-8288-000c292d2120/networks" rel="networks"/>
DEBUG:root:>         <link href="/ovirt-engine/api/datacenters/eaaf3ee0-77e4-11ed-8288-000c292d2120/quotas" rel="quotas"/>
DEBUG:root:>         <link href="/ovirt-engine/api/datacenters/eaaf3ee0-77e4-11ed-8288-000c292d2120/qoss" rel="qoss"/>
DEBUG:root:>         <link href="/ovirt-engine/api/datacenters/eaaf3ee0-77e4-11ed-8288-000c292d2120/iscsibonds" rel="iscsibonds"/>
DEBUG:root:>         <link href="/ovirt-engine/api/datacenters/eaaf3ee0-77e4-11ed-8288-000c292d2120/storagedomains" rel="storagedomains"/>
DEBUG:root:>         <link href="/ovirt-engine/api/datacenters/eaaf3ee0-77e4-11ed-8288-000c292d2120/permissions" rel="permissions"/>
DEBUG:root:>         <link href="/ovirt-engine/api/datacenters/eaaf3ee0-77e4-11ed-8288-000c292d2120/clusters" rel="clusters"/>
DEBUG:root:>         <local>false</local>
DEBUG:root:>         <quota_mode>disabled</quota_mode>
DEBUG:root:>         <status>up</status>
DEBUG:root:>         <storage_format>v5</storage_format>
DEBUG:root:>         <supported_versions>
DEBUG:root:>             <version>
DEBUG:root:>                 <major>4</major>
DEBUG:root:>                 <minor>6</minor>
DEBUG:root:>             </version>
DEBUG:root:>         </supported_versions>
DEBUG:root:>         <version>
DEBUG:root:>             <major>4</major>
DEBUG:root:>             <minor>6</minor>
DEBUG:root:>         </version>
DEBUG:root:>         <mac_pool href="/ovirt-engine/api/macpools/58ca604b-017d-0374-0220-00000000014e" id="58ca604b-017d-0374-0220-00000000014e"/>
DEBUG:root:>     </data_center>
DEBUG:root:> </data_centers>
DEBUG:root:* Connection #0 to host saengine2.localdomain left intact
DEBUG:root:* Found bundle for host saengine2.localdomain: 0x26f5100 [serially]
DEBUG:root:* Re-using existing connection! (#0) with host saengine2.localdomain
DEBUG:root:* Connected to saengine2.localdomain (10.1.128.30) port 443 (#0)
DEBUG:root:< GET /ovirt-engine/api/datacenters/eaaf3ee0-77e4-11ed-8288-000c292d2120/storagedomains HTTP/1.1
DEBUG:root:< Host: saengine2.localdomain
DEBUG:root:< User-Agent: PythonSDK/4.5.2
DEBUG:root:< Version: 4
DEBUG:root:< Content-Type: application/xml
DEBUG:root:< Accept: application/xml
DEBUG:root:< Authorization: Bearer nAVJeU5G_Q6RReyz1iwNTl_hCg68Zqr8_hr1N0qhf35aFQG6ivm7GFbMmnStlZD3JrlzLTML4VnRPdhrlH_Swg
DEBUG:root:* Mark bundle as not supporting multiuse
DEBUG:root:> HTTP/1.1 200 OK
DEBUG:root:> Date: Thu, 29 Dec 2022 14:11:35 GMT
DEBUG:root:> Server: Apache/2.4.37 (centos) OpenSSL/1.1.1k mod_wsgi/4.6.4 Python/3.6
DEBUG:root:> Content-Type: application/xml;charset=UTF-8
DEBUG:root:> Content-Length: 2214
DEBUG:root:> Correlation-Id: 4bf0c410-ec14-4c16-b65c-176a91ac7773
DEBUG:root:> Vary: Accept-Encoding
DEBUG:root:> 
DEBUG:root:> <?xml version="1.0" encoding="UTF-8" standalone="yes"?>
DEBUG:root:> <storage_domains>
DEBUG:root:>     <storage_domain href="/ovirt-engine/api/datacenters/eaaf3ee0-77e4-11ed-8288-000c292d2120/storagedomains/8ad7b016-f29f-49dc-8744-2fd2132ef1cd" id="8ad7b016-f29f-49dc-8744-2fd2132ef1cd">
DEBUG:root:>         <actions>
DEBUG:root:>             <link href="/ovirt-engine/api/datacenters/eaaf3ee0-77e4-11ed-8288-000c292d2120/storagedomains/8ad7b016-f29f-49dc-8744-2fd2132ef1cd/activate" rel="activate"/>
DEBUG:root:>             <link href="/ovirt-engine/api/datacenters/eaaf3ee0-77e4-11ed-8288-000c292d2120/storagedomains/8ad7b016-f29f-49dc-8744-2fd2132ef1cd/deactivate" rel="deactivate"/>
DEBUG:root:>         </actions>
DEBUG:root:>         <name>nfs_repl</name>
DEBUG:root:>         <description></description>
DEBUG:root:>         <comment></comment>
DEBUG:root:>         <link href="/ovirt-engine/api/datacenters/eaaf3ee0-77e4-11ed-8288-000c292d2120/storagedomains/8ad7b016-f29f-49dc-8744-2fd2132ef1cd/disks" rel="disks"/>
DEBUG:root:>         <available>90194313216</available>
DEBUG:root:>         <backup>false</backup>
DEBUG:root:>         <block_size>512</block_size>
DEBUG:root:>         <committed>32212254720</committed>
DEBUG:root:>         <critical_space_action_blocker>5</critical_space_action_blocker>
DEBUG:root:>         <discard_after_delete>false</discard_after_delete>
DEBUG:root:>         <external_status>ok</external_status>
DEBUG:root:>         <master>true</master>
DEBUG:root:>         <status>active</status>
DEBUG:root:>         <storage>
DEBUG:root:>             <address>10.1.128.27</address>
DEBUG:root:>             <nfs_version>auto</nfs_version>
DEBUG:root:>             <path>/nfs_dom_replica/data</path>
DEBUG:root:>             <type>nfs</type>
DEBUG:root:>         </storage>
DEBUG:root:>         <storage_format>v5</storage_format>
DEBUG:root:>         <supports_discard>false</supports_discard>
DEBUG:root:>         <supports_discard_zeroes_data>false</supports_discard_zeroes_data>
DEBUG:root:>         <type>data</type>
DEBUG:root:>         <used>12884901888</used>
DEBUG:root:>         <warning_low_space_indicator>10</warning_low_space_indicator>
DEBUG:root:>         <wipe_after_delete>false</wipe_after_delete>
DEBUG:root:>         <data_center href="/ovirt-engine/api/datacenters/eaaf3ee0-77e4-11ed-8288-000c292d2120" id="eaaf3ee0-77e4-11ed-8288-000c292d2120"/>
DEBUG:root:>         <data_centers>
DEBUG:root:>             <data_center href="/ovirt-engine/api/datacenters/eaaf3ee0-77e4-11ed-8288-000c292d2120" id="eaaf3ee0-77e4-11ed-8288-000c292d2120"/>
DEBUG:root:>         </data_centers>
DEBUG:root:>     </storage_domain>
DEBUG:root:> </storage_domains>
DEBUG:root:* Connection #0 to host saengine2.localdomain left intact
DEBUG:root:* Found bundle for host saengine2.localdomain: 0x26f5100 [serially]
DEBUG:root:* Re-using existing connection! (#0) with host saengine2.localdomain
DEBUG:root:* Connected to saengine2.localdomain (10.1.128.30) port 443 (#0)
DEBUG:root:< GET /ovirt-engine/api/datacenters/eaaf3ee0-77e4-11ed-8288-000c292d2120/clusters HTTP/1.1
DEBUG:root:< Host: saengine2.localdomain
DEBUG:root:< User-Agent: PythonSDK/4.5.2
DEBUG:root:< Version: 4
DEBUG:root:< Content-Type: application/xml
DEBUG:root:< Accept: application/xml
DEBUG:root:< Authorization: Bearer nAVJeU5G_Q6RReyz1iwNTl_hCg68Zqr8_hr1N0qhf35aFQG6ivm7GFbMmnStlZD3JrlzLTML4VnRPdhrlH_Swg
DEBUG:root:* Mark bundle as not supporting multiuse
DEBUG:root:> HTTP/1.1 200 OK
DEBUG:root:> Date: Thu, 29 Dec 2022 14:11:36 GMT
DEBUG:root:> Server: Apache/2.4.37 (centos) OpenSSL/1.1.1k mod_wsgi/4.6.4 Python/3.6
DEBUG:root:> Content-Type: application/xml;charset=UTF-8
DEBUG:root:> Content-Length: 5205
DEBUG:root:> Correlation-Id: 58e09d06-c3c5-481b-9d64-b431812461fc
DEBUG:root:> Vary: Accept-Encoding
DEBUG:root:> 
DEBUG:root:> <?xml version="1.0" encoding="UTF-8" standalone="yes"?>
DEBUG:root:> <clusters>
DEBUG:root:>     <cluster href="/ovirt-engine/api/clusters/eab26750-77e4-11ed-beca-000c292d2120" id="eab26750-77e4-11ed-beca-000c292d2120">
DEBUG:root:>         <actions>
DEBUG:root:>             <link href="/ovirt-engine/api/clusters/eab26750-77e4-11ed-beca-000c292d2120/upgrade" rel="upgrade"/>
DEBUG:root:>             <link href="/ovirt-engine/api/clusters/eab26750-77e4-11ed-beca-000c292d2120/resetemulatedmachine" rel="resetemulatedmachine"/>
DEBUG:root:>             <link href="/ovirt-engine/api/clusters/eab26750-77e4-11ed-beca-000c292d2120/refreshglusterhealstatus" rel="refreshglusterhealstatus"/>
DEBUG:root:>             <link href="/ovirt-engine/api/clusters/eab26750-77e4-11ed-beca-000c292d2120/syncallnetworks" rel="syncallnetworks"/>
DEBUG:root:>         </actions>
DEBUG:root:>         <name>Default</name>
DEBUG:root:>         <description>The default server cluster</description>
DEBUG:root:>         <comment></comment>
DEBUG:root:>         <link href="/ovirt-engine/api/clusters/eab26750-77e4-11ed-beca-000c292d2120/affinitygroups" rel="affinitygroups"/>
DEBUG:root:>         <link href="/ovirt-engine/api/clusters/eab26750-77e4-11ed-beca-000c292d2120/glusterhooks" rel="glusterhooks"/>
DEBUG:root:>         <link href="/ovirt-engine/api/clusters/eab26750-77e4-11ed-beca-000c292d2120/glustervolumes" rel="glustervolumes"/>
DEBUG:root:>         <link href="/ovirt-engine/api/clusters/eab26750-77e4-11ed-beca-000c292d2120/enabledfeatures" rel="enabledfeatures"/>
DEBUG:root:>         <link href="/ovirt-engine/api/clusters/eab26750-77e4-11ed-beca-000c292d2120/externalnetworkproviders" rel="externalnetworkproviders"/>
DEBUG:root:>         <link href="/ovirt-engine/api/clusters/eab26750-77e4-11ed-beca-000c292d2120/networkfilters" rel="networkfilters"/>
DEBUG:root:>         <link href="/ovirt-engine/api/clusters/eab26750-77e4-11ed-beca-000c292d2120/networks" rel="networks"/>
DEBUG:root:>         <link href="/ovirt-engine/api/clusters/eab26750-77e4-11ed-beca-000c292d2120/permissions" rel="permissions"/>
DEBUG:root:>         <link href="/ovirt-engine/api/clusters/eab26750-77e4-11ed-beca-000c292d2120/cpuprofiles" rel="cpuprofiles"/>
DEBUG:root:>         <ballooning_enabled>true</ballooning_enabled>
DEBUG:root:>         <bios_type>q35_sea_bios</bios_type>
DEBUG:root:>         <cpu>
DEBUG:root:>             <architecture>x86_64</architecture>
DEBUG:root:>             <type>Intel SandyBridge Family</type>
DEBUG:root:>         </cpu>
DEBUG:root:>         <custom_scheduling_policy_properties>
DEBUG:root:>             <property>
DEBUG:root:>                 <name>HighUtilization</name>
DEBUG:root:>                 <value>80</value>
DEBUG:root:>             </property>
DEBUG:root:>             <property>
DEBUG:root:>                 <name>CpuOverCommitDurationMinutes</name>
DEBUG:root:>                 <value>2</value>
DEBUG:root:>             </property>
DEBUG:root:>         </custom_scheduling_policy_properties>
DEBUG:root:>         <error_handling>
DEBUG:root:>             <on_error>migrate</on_error>
DEBUG:root:>         </error_handling>
DEBUG:root:>         <fencing_policy>
DEBUG:root:>             <enabled>true</enabled>
DEBUG:root:>             <skip_if_connectivity_broken>
DEBUG:root:>                 <enabled>false</enabled>
DEBUG:root:>                 <threshold>50</threshold>
DEBUG:root:>             </skip_if_connectivity_broken>
DEBUG:root:>             <skip_if_gluster_bricks_up>false</skip_if_gluster_bricks_up>
DEBUG:root:>             <skip_if_gluster_quorum_not_met>false</skip_if_gluster_quorum_not_met>
DEBUG:root:>             <skip_if_sd_active>
DEBUG:root:>                 <enabled>false</enabled>
DEBUG:root:>             </skip_if_sd_active>
DEBUG:root:>         </fencing_policy>
DEBUG:root:>         <fips_mode>disabled</fips_mode>
DEBUG:root:>         <firewall_type>firewalld</firewall_type>
DEBUG:root:>         <gluster_service>false</gluster_service>
DEBUG:root:>         <ha_reservation>false</ha_reservation>
DEBUG:root:>         <ksm>
DEBUG:root:>             <enabled>true</enabled>
DEBUG:root:>             <merge_across_nodes>true</merge_across_nodes>
DEBUG:root:>         </ksm>
DEBUG:root:>         <log_max_memory_used_threshold>95</log_max_memory_used_threshold>
DEBUG:root:>         <log_max_memory_used_threshold_type>percentage</log_max_memory_used_threshold_type>
DEBUG:root:>         <memory_policy>
DEBUG:root:>             <over_commit>
DEBUG:root:>                 <percent>100</percent>
DEBUG:root:>             </over_commit>
DEBUG:root:>             <transparent_hugepages>
DEBUG:root:>                 <enabled>true</enabled>
DEBUG:root:>             </transparent_hugepages>
DEBUG:root:>         </memory_policy>
DEBUG:root:>         <migration>
DEBUG:root:>             <auto_converge>inherit</auto_converge>
DEBUG:root:>             <bandwidth>
DEBUG:root:>                 <assignment_method>auto</assignment_method>
DEBUG:root:>             </bandwidth>
DEBUG:root:>             <compressed>inherit</compressed>
DEBUG:root:>             <encrypted>inherit</encrypted>
DEBUG:root:>             <policy id="80554327-0569-496b-bdeb-fcbbf52b827b"/>
DEBUG:root:>         </migration>
DEBUG:root:>         <required_rng_sources>
DEBUG:root:>             <required_rng_source>urandom</required_rng_source>
DEBUG:root:>         </required_rng_sources>
DEBUG:root:>         <switch_type>legacy</switch_type>
DEBUG:root:>         <threads_as_cores>false</threads_as_cores>
DEBUG:root:>         <trusted_service>false</trusted_service>
DEBUG:root:>         <tunnel_migration>false</tunnel_migration>
DEBUG:root:>         <version>
DEBUG:root:>             <major>4</major>
DEBUG:root:>             <minor>6</minor>
DEBUG:root:>         </version>
DEBUG:root:>         <virt_service>true</virt_service>
DEBUG:root:>         <vnc_encryption>false</vnc_encryption>
DEBUG:root:>         <data_center href="/ovirt-engine/api/datacenters/eaaf3ee0-77e4-11ed-8288-000c292d2120" id="eaaf3ee0-77e4-11ed-8288-000c292d2120"/>
DEBUG:root:>         <mac_pool href="/ovirt-engine/api/macpools/58ca604b-017d-0374-0220-00000000014e" id="58ca604b-017d-0374-0220-00000000014e"/>
DEBUG:root:>         <scheduling_policy href="/ovirt-engine/api/schedulingpolicies/b4ed2332-a7ac-4d5f-9596-99a439cb2812" id="b4ed2332-a7ac-4d5f-9596-99a439cb2812"/>
DEBUG:root:>     </cluster>
DEBUG:root:> </clusters>
DEBUG:root:* Connection #0 to host saengine2.localdomain left intact
DEBUG:root:* Found bundle for host saengine2.localdomain: 0x26f5100 [serially]
DEBUG:root:* Re-using existing connection! (#0) with host saengine2.localdomain
DEBUG:root:* Connected to saengine2.localdomain (10.1.128.30) port 443 (#0)
DEBUG:root:< GET /ovirt-engine/api/datacenters/eaaf3ee0-77e4-11ed-8288-000c292d2120/clusters/eab26750-77e4-11ed-beca-000c292d2120/affinitygroups HTTP/1.1
DEBUG:root:< Host: saengine2.localdomain
DEBUG:root:< User-Agent: PythonSDK/4.5.2
DEBUG:root:< Version: 4
DEBUG:root:< Content-Type: application/xml
DEBUG:root:< Accept: application/xml
DEBUG:root:< Authorization: Bearer nAVJeU5G_Q6RReyz1iwNTl_hCg68Zqr8_hr1N0qhf35aFQG6ivm7GFbMmnStlZD3JrlzLTML4VnRPdhrlH_Swg
DEBUG:root:* Mark bundle as not supporting multiuse
DEBUG:root:> HTTP/1.1 200 OK
DEBUG:root:> Date: Thu, 29 Dec 2022 14:11:36 GMT
DEBUG:root:> Server: Apache/2.4.37 (centos) OpenSSL/1.1.1k mod_wsgi/4.6.4 Python/3.6
DEBUG:root:> Content-Type: application/xml;charset=UTF-8
DEBUG:root:> Content-Length: 75
DEBUG:root:> Correlation-Id: ed6f552c-3f90-4f28-8c1d-1720f76f8e23
DEBUG:root:> Vary: Accept-Encoding
DEBUG:root:> 
DEBUG:root:> <?xml version="1.0" encoding="UTF-8" standalone="yes"?>
DEBUG:root:> <affinity_groups/>
DEBUG:root:* Connection #0 to host saengine2.localdomain left intact
DEBUG:root:* Trying 10.1.128.30:443...
DEBUG:root:* TCP_NODELAY set
DEBUG:root:* Connected to saengine2.localdomain (10.1.128.30) port 443 (#0)
DEBUG:root:* ALPN, offering h2
DEBUG:root:* ALPN, offering http/1.1
DEBUG:root:* successfully set certificate verify locations:
DEBUG:root:* CAfile: ./ca2.pem
DEBUG:root:*   CApath: /etc/ssl/certs
DEBUG:root:* TLSv1.3 (OUT), TLS handshake, Client hello (1):
DEBUG:root:* TLSv1.3 (IN), TLS handshake, Server hello (2):
DEBUG:root:* TLSv1.2 (IN), TLS handshake, Certificate (11):
DEBUG:root:* TLSv1.2 (IN), TLS handshake, Server key exchange (12):
DEBUG:root:* TLSv1.2 (IN), TLS handshake, Server finished (14):
DEBUG:root:* TLSv1.2 (OUT), TLS handshake, Client key exchange (16):
DEBUG:root:* TLSv1.2 (OUT), TLS change cipher, Change cipher spec (1):
DEBUG:root:* TLSv1.2 (OUT), TLS handshake, Finished (20):
DEBUG:root:* TLSv1.2 (IN), TLS handshake, Finished (20):
DEBUG:root:* SSL connection using TLSv1.2 / ECDHE-RSA-AES256-GCM-SHA384
DEBUG:root:* ALPN, server accepted to use http/1.1
DEBUG:root:* Server certificate:
DEBUG:root:* subject: C=US; O=localdomain; CN=saengine2.localdomain
DEBUG:root:* start date: Dec  8 17:13:50 2022 GMT
DEBUG:root:* expire date: Jan 11 17:13:50 2024 GMT
DEBUG:root:* subjectAltName: host "saengine2.localdomain" matched cert's "saengine2.localdomain"
DEBUG:root:* issuer: C=US; O=localdomain; CN=saengine2.localdomain.27275
DEBUG:root:* SSL certificate verify ok.
DEBUG:root:< POST /ovirt-engine/services/sso-logout HTTP/1.1
DEBUG:root:< Host: saengine2.localdomain
DEBUG:root:< User-Agent: PythonSDK/4.5.2
DEBUG:root:< Accept: application/json
DEBUG:root:< Content-Length: 112
DEBUG:root:< Content-Type: application/x-www-form-urlencoded
DEBUG:root:< scope=ovirt-app-api&token=nAVJeU5G_Q6RReyz1iwNTl_hCg68Zqr8_hr1N0qhf35aFQG6ivm7GFbMmnStlZD3JrlzLTML4VnRPdhrlH_Swg
DEBUG:root:* upload completely sent off: 112 out of 112 bytes
DEBUG:root:* Mark bundle as not supporting multiuse
DEBUG:root:> HTTP/1.1 200 OK
DEBUG:root:> Date: Thu, 29 Dec 2022 14:11:36 GMT
DEBUG:root:> Server: Apache/2.4.37 (centos) OpenSSL/1.1.1k mod_wsgi/4.6.4 Python/3.6
DEBUG:root:> Set-Cookie: locale=en_US; path=/; secure; HttpOnly; Max-Age=2147483647; Expires=Tue, 16-Jan-2091 17:25:43 GMT
DEBUG:root:> Content-Type: application/json
DEBUG:root:> Content-Length: 3
DEBUG:root:> Vary: Accept-Encoding
DEBUG:root:> 
DEBUG:root:> { }
DEBUG:root:* Connection #0 to host saengine2.localdomain left intact
